{"level":"info","message":"Requisição de posts feita com sucesso"}
{"level":"info","message":"Requisição de posts feita com sucesso!"}
{"level":"info","message":"Requisição de posts feita com sucesso!"}
{"level":"info","message":"Requisição de posts feita com sucesso!"}
{"level":"info","message":"Requisição de posts feita com sucesso!"}
{"level":"info","message":"Requisição de posts feita com sucesso!"}
{"level":"info","message":"Requisição de posts feita com sucesso!"}
{"level":"info","message":"Requisição de posts feita com sucesso!"}
{"level":"info","message":"Requisição de posts feita com sucesso!"}
{"level":"info","message":"Requisição de posts feita com sucesso!"}
{"level":"info","message":"Requisição de posts feita com sucesso!"}
{"level":"info","message":"Requisição de posts feita com sucesso!"}
{"level":"info","message":"Requisição de posts feita com sucesso!"}
{"level":"info","message":"Requisição de posts feita com sucesso!"}
{"level":"info","message":"Requisição de posts feita com sucesso!"}
{"level":"info","message":"Requisição de posts feita com sucesso!"}
{"level":"info","message":"Requisição de posts feita com sucesso!"}
{"level":"info","message":"Requisição de posts feita com sucesso!"}
{"level":"info","message":"Requisição de posts feita com sucesso!"}
{"level":"info","message":"Requisição de posts feita com sucesso!"}
{"level":"info","message":"Requisição de posts feita com sucesso!"}
{"level":"info","message":"Requisição de posts feita com sucesso!"}
{"level":"info","message":"Requisição de posts feita com sucesso!"}
{"level":"info","message":"Requisição de posts feita com sucesso!"}
{"level":"info","message":"Requisição de posts feita com sucesso!"}
{"level":"info","message":"Requisição de posts feita com sucesso!"}
{"level":"info","message":"Requisição de posts feita com sucesso!"}
{"level":"info","message":"Requisição de posts feita com sucesso!"}
{"level":"info","message":"Requisição de posts feita com sucesso!"}
{"level":"info","message":"Requisição de posts feita com sucesso!"}
{"level":"info","message":"Requisição de posts feita com sucesso!"}
{"level":"info","message":"Requisição de posts feita com sucesso!"}
{"level":"info","message":"Requisição de posts feita com sucesso!"}
{"level":"info","message":"Requisição de posts feita com sucesso!"}
{"level":"info","message":"Requisição de posts feita com sucesso!"}
{"level":"info","message":"Requisição de posts feita com sucesso!"}
{"level":"info","message":"Requisição de posts feita com sucesso!"}
{"level":"info","message":"Requisição de posts feita com sucesso!"}
{"level":"info","message":"Requisição de posts feita com sucesso!"}
{"level":"info","message":"Requisição de posts feita com sucesso!"}
{"level":"info","message":"Requisição de posts feita com sucesso!"}
{"level":"info","message":"Requisição de posts feita com sucesso!"}
{"level":"info","message":"Requisição de posts feita com sucesso!"}
{"level":"info","message":"Requisição de posts feita com sucesso!"}
{"level":"info","message":"Requisição de posts feita com sucesso!"}
{"level":"info","message":"Requisição de posts feita com sucesso!"}
{"level":"info","message":"Requisição de posts feita com sucesso!"}
{"level":"info","message":"Requisição de posts feita com sucesso!"}
{"level":"info","message":"Requisição de post feita com sucesso!"}
{"level":"info","message":"Requisição de post feita com sucesso!"}
{"level":"info","message":"Requisição de posts feita com sucesso!"}
{"level":"info","message":"Requisição de post feita com sucesso!"}
{"level":"info","message":"Requisição de post feita com sucesso!"}
{"level":"info","message":"Requisição de post feita com sucesso!"}
{"level":"info","message":"Requisição de post feita com sucesso!"}
{"level":"info","message":"Requisição de post feita com sucesso!"}
{"level":"info","message":"Requisição de post feita com sucesso!"}
{"level":"info","message":"Requisição de posts feita com sucesso!"}
{"level":"info","message":"Requisição de posts feita com sucesso!"}
{"level":"info","message":"Requisição de post feita com sucesso!"}
{"level":"info","message":"Requisição de posts feita com sucesso!"}
{"level":"info","message":"Requisição de post feita com sucesso!"}
{"level":"info","message":"Requisição de post feita com sucesso!"}
{"level":"info","message":"Requisição de post feita com sucesso!"}
{"level":"info","message":"Requisição de post feita com sucesso!"}
{"level":"info","message":"Requisição de post feita com sucesso!"}
{"level":"info","message":"Requisição de post feita com sucesso!"}
{"level":"info","message":"Requisição de posts feita com sucesso!"}
{"level":"info","message":"Requisição de posts feita com sucesso!"}
{"level":"info","message":"Requisição de posts feita com sucesso!"}
{"level":"info","message":"Requisição de posts feita com sucesso!"}
{"level":"info","message":"Requisição de post feita com sucesso!"}
{"level":"info","message":"Requisição de post feita com sucesso!"}
{"level":"info","message":"Requisição de post feita com sucesso!"}
{"level":"info","message":"Requisição de post feita com sucesso!"}
{"level":"info","message":"Requisição de post feita com sucesso!"}
{"level":"info","message":"Requisição de post feita com sucesso!"}
{"level":"info","message":"Requisição de post feita com sucesso!"}
{"level":"info","message":"Requisição de post feita com sucesso!"}
{"level":"info","message":"Requisição de post feita com sucesso!"}
{"level":"info","message":"Requisição de post feita com sucesso!"}
{"level":"info","message":"Requisição de post feita com sucesso!"}
{"level":"info","message":"Requisição de post feita com sucesso!"}
{"level":"info","message":"Requisição de post feita com sucesso!"}
{"level":"info","message":"Requisição de post feita com sucesso!"}
{"level":"info","message":"Requisição de post feita com sucesso!"}
{"level":"info","message":"Requisição de post feita com sucesso!"}
{"level":"info","message":"Requisição de posts feita com sucesso!"}
{"level":"info","message":"Requisição de post feita com sucesso!"}
{"level":"info","message":"Requisição de post feita com sucesso!"}
{"level":"info","message":"Requisição de post feita com sucesso!"}
{"level":"info","message":"Requisição de post feita com sucesso!"}
{"level":"info","message":"Requisição de post feita com sucesso!"}
{"level":"info","message":"Requisição de post feita com sucesso!"}
{"level":"info","message":"Requisição de post feita com sucesso!"}
{"error":{},"level":"error","message":"Falha ao buscar post de slug: ","slug":"construindo-spa-com-vuejserg"}
{"error":{},"level":"error","message":"Falha ao buscar post de slug: ","slug":"construindo-spa-com-vuejshht"}
{"error":{},"level":"error","message":"Falha ao buscar post de slug: ","slug":"construindo-spa-com-vuejsjj"}
{"error":{"clientVersion":"6.1.0","name":"PrismaClientValidationError"},"level":"error","message":"Falha ao buscar posts"}
{"error":{"clientVersion":"6.1.0","name":"PrismaClientValidationError"},"level":"error","message":"Falha ao buscar posts"}
{"error":{"clientVersion":"6.1.0","name":"PrismaClientValidationError"},"level":"error","message":"Falha ao buscar posts"}
{"error":{"clientVersion":"6.1.0","name":"PrismaClientInitializationError"},"level":"error","message":"Falha ao buscar posts"}
{"error":{"clientVersion":"6.1.0","name":"PrismaClientInitializationError"},"level":"error","message":"Falha ao buscar posts"}
{"error":{"clientVersion":"6.1.0","name":"PrismaClientInitializationError"},"level":"error","message":"Falha ao buscar posts"}
{"error":{"clientVersion":"6.1.0","name":"PrismaClientInitializationError"},"level":"error","message":"Falha ao buscar posts"}
{"error":{"clientVersion":"6.1.0","name":"PrismaClientInitializationError"},"level":"error","message":"Falha ao buscar posts"}
{"error":{"clientVersion":"6.1.0","name":"PrismaClientInitializationError"},"level":"error","message":"Falha ao buscar posts"}
{"error":{"clientVersion":"6.1.0","name":"PrismaClientInitializationError"},"level":"error","message":"Falha ao buscar posts"}
{"error":{"clientVersion":"6.1.0","name":"PrismaClientInitializationError"},"level":"error","message":"Falha ao buscar posts"}
{"error":{"clientVersion":"6.1.0","name":"PrismaClientInitializationError"},"level":"error","message":"Falha ao buscar posts"}
{"error":{"clientVersion":"6.1.0","name":"PrismaClientInitializationError"},"level":"error","message":"Falha ao buscar posts"}
{"error":{"clientVersion":"6.1.0","name":"PrismaClientInitializationError"},"level":"error","message":"Falha ao buscar posts"}
{"error":{"clientVersion":"6.1.0","name":"PrismaClientInitializationError"},"level":"error","message":"Falha ao buscar posts"}
{"error":{"clientVersion":"6.1.0","name":"PrismaClientInitializationError"},"level":"error","message":"Falha ao buscar posts"}
{"error":{"clientVersion":"6.1.0","name":"PrismaClientInitializationError"},"level":"error","message":"Falha ao buscar posts"}
{"error":{"clientVersion":"6.1.0","name":"PrismaClientInitializationError"},"level":"error","message":"Falha ao buscar posts"}
{"error":{},"level":"error","message":"Falha ao buscar post de slug: ","slug":"construindo-spa-com-vuejsrgrrg"}
